#
# A fatal error has been detected by the Java Runtime Environment:
#
#  EXCEPTION_ACCESS_VIOLATION (0xc0000005) at pc=0x000000006684a3a3, pid=932, tid=0x0000000000001804
#
# JRE version: OpenJDK Runtime Environment (8.0_152-b01) (build 1.8.0_152-release-1248-b01)
# Java VM: OpenJDK 64-Bit Server VM (25.152-b01 mixed mode windows-amd64 compressed oops)
# Problematic frame:
# V  [jvm.dll+0x46a3a3]
#
# Failed to write core dump. Minidumps are not enabled by default on client versions of Windows
#
# If you would like to submit a bug report, please visit:
#   http://bugreport.java.com/bugreport/crash.jsp
#

---------------  T H R E A D  ---------------

Current thread (0x0000000014f46800):  JavaThread "C2 CompilerThread0" daemon [_thread_in_native, id=6148, stack(0x0000000016590000,0x0000000016690000)]

siginfo: ExceptionCode=0xc0000005, reading address 0x00000001b5742360

Registers:
RAX=0x000000001b5ff0e0, RBX=0x000000001b938a10, RCX=0x0000000066a08d08, RDX=0x0000000066850ca0
RSP=0x000000001668c200, RBP=0x000000001668c300, RSI=0x000000001668c7d0, RDI=0x000000000000000f
R8 =0x0000000000008000, R9 =0x000000001839cda0, R10=0x000000001668c4e0, R11=0x000000001668c1d0
R12=0x0000000000000005, R13=0x000000001c7ae508, R14=0x0000000000000028, R15=0x00000000000f423f
RIP=0x000000006684a3a3, EFLAGS=0x0000000000010283

Top of Stack: (sp=0x000000001668c200)
0x000000001668c200:   0000000000002220 000000001b93d2b0
0x000000001668c210:   000000001668c300 000000001b9389d8
0x000000001668c220:   0000000a00000000 0000000000000020
0x000000001668c230:   000000001af456c8 0000004e00000000
0x000000001668c240:   0000002a0000001f 0000000000000008
0x000000001668c250:   0000000005055455 0000000000000000
0x000000001668c260:   0000000000000000 0000000000000000
0x000000001668c270:   0000000000000000 000000f900000000
0x000000001668c280:   0303030300000008 000000001839cda0
0x000000001668c290:   0000000000000001 000000001668c360
0x000000001668c2a0:   0000000000000001 000000001668c350
0x000000001668c2b0:   000000000000000b 0000000000000001
0x000000001668c2c0:   0000000000000000 0000000000000000
0x000000001668c2d0:   0000000300000000 0000000000000000
0x000000001668c2e0:   0000000000000000 000000000000002a
0x000000001668c2f0:   0000000000000000 000000001c7ae508 

Instructions: (pc=0x000000006684a3a3)
0x000000006684a383:   66 66 66 66 66 0f 1f 84 00 00 00 00 00 48 8b 40
0x000000006684a393:   08 49 8b 0c 06 48 8b 86 28 01 00 00 48 63 51 28
0x000000006684a3a3:   8b 3c 90 85 ff 0f 84 6e 01 00 00 48 8b 85 60 01
0x000000006684a3b3:   00 00 8b df 8b f7 48 8b 40 70 48 6b db 70 48 03 


Register to memory mapping:

RAX=0x000000001b5ff0e0 is an unknown value
RBX=0x000000001b938a10 is an unknown value
RCX=0x0000000066a08d08 is an unknown value
RDX=0x0000000066850ca0 is an unknown value
RSP=0x000000001668c200 is pointing into the stack for thread: 0x0000000014f46800
RBP=0x000000001668c300 is pointing into the stack for thread: 0x0000000014f46800
RSI=0x000000001668c7d0 is pointing into the stack for thread: 0x0000000014f46800
RDI=0x000000000000000f is an unknown value
R8 =0x0000000000008000 is an unknown value
R9 =0x000000001839cda0 is an unknown value
R10=0x000000001668c4e0 is pointing into the stack for thread: 0x0000000014f46800
R11=0x000000001668c1d0 is pointing into the stack for thread: 0x0000000014f46800
R12=0x0000000000000005 is an unknown value
R13=0x000000001c7ae508 is an unknown value
R14=0x0000000000000028 is an unknown value
R15=0x00000000000f423f is an unknown value


Stack: [0x0000000016590000,0x0000000016690000],  sp=0x000000001668c200,  free space=1008k
Native frames: (J=compiled Java code, j=interpreted, Vv=VM code, C=native code)
V  [jvm.dll+0x46a3a3]
V  [jvm.dll+0x434c1d]
V  [jvm.dll+0x43f99b]
V  [jvm.dll+0x44226e]
V  [jvm.dll+0x4252c2]
V  [jvm.dll+0x813d8]
V  [jvm.dll+0x81d0f]
V  [jvm.dll+0x21d41f]
V  [jvm.dll+0x26d9aa]
C  [msvcr100.dll+0x21d9f]
C  [msvcr100.dll+0x21e3b]
C  [KERNEL32.DLL+0x8364]
C  [ntdll.dll+0x65e91]


Current CompileTask:
C2:   8612 4278       4       org.codehaus.groovy.util.SingleKeyHashMap::get (67 bytes)


---------------  P R O C E S S  ---------------

Java Threads: ( => current thread )
  0x000000001aa2c000 JavaThread "Memory manager" [_thread_blocked, id=3724, stack(0x000000001f4f0000,0x000000001f5f0000)]
  0x000000001aa27800 JavaThread "pool-1-thread-1" [_thread_blocked, id=4940, stack(0x000000001f1f0000,0x000000001f2f0000)]
  0x000000001aa2a800 JavaThread "Build operations Thread 4" [_thread_blocked, id=5620, stack(0x000000001ecf0000,0x000000001edf0000)]
  0x000000001aa29000 JavaThread "Build operations Thread 3" [_thread_blocked, id=704, stack(0x000000001ebf0000,0x000000001ecf0000)]
  0x000000001aa25800 JavaThread "Build operations Thread 2" [_thread_blocked, id=5952, stack(0x000000001eaf0000,0x000000001ebf0000)]
  0x000000001aa27000 JavaThread "Build operations" [_thread_blocked, id=4396, stack(0x000000001e500000,0x000000001e600000)]
  0x000000001aa2a000 JavaThread "Cache worker for Artifact transforms cache (C:\Users\user1\.gradle\caches\transforms-1)" [_thread_blocked, id=812, stack(0x000000001bf70000,0x000000001c070000)]
  0x0000000018647800 JavaThread "Cache worker for file hash cache (E:\ANDROID\GADHPUR INFOTECH\Cricket Score Live Line\.gradle\4.6\fileHashes)" [_thread_blocked, id=6204, stack(0x000000001aaa0000,0x000000001aba0000)]
  0x00000000181be000 JavaThread "File lock request listener" [_thread_in_native, id=4932, stack(0x00000000199d0000,0x0000000019ad0000)]
  0x0000000018307000 JavaThread "Cache worker for file hash cache (C:\Users\user1\.gradle\caches\4.6\fileHashes)" [_thread_blocked, id=4924, stack(0x00000000198d0000,0x00000000199d0000)]
  0x0000000018060800 JavaThread "Stdin handler" [_thread_blocked, id=4880, stack(0x00000000195d0000,0x00000000196d0000)]
  0x000000001805d000 JavaThread "Asynchronous log dispatcher for DefaultDaemonConnection: socket connection from /127.0.0.1:52922 to /127.0.0.1:52923" [_thread_blocked, id=5536, stack(0x00000000194d0000,0x00000000195d0000)]
  0x000000001806a800 JavaThread "Daemon worker" [_thread_in_vm, id=2336, stack(0x00000000193d0000,0x00000000194d0000)]
  0x0000000018068000 JavaThread "Cancel handler" [_thread_blocked, id=2344, stack(0x00000000192d0000,0x00000000193d0000)]
  0x00000000180b3000 JavaThread "Handler for socket connection from /127.0.0.1:52922 to /127.0.0.1:52923" [_thread_in_native, id=2380, stack(0x0000000018fd0000,0x00000000190d0000)]
  0x00000000180b2000 JavaThread "Daemon" [_thread_blocked, id=2360, stack(0x0000000018ed0000,0x0000000018fd0000)]
  0x000000001806b800 JavaThread "Daemon periodic checks" [_thread_blocked, id=4808, stack(0x0000000018dd0000,0x0000000018ed0000)]
  0x0000000018024000 JavaThread "Incoming local TCP Connector on port 52922" [_thread_in_native, id=6028, stack(0x0000000018ba0000,0x0000000018ca0000)]
  0x00000000168b8800 JavaThread "Service Thread" daemon [_thread_blocked, id=5516, stack(0x0000000016c90000,0x0000000016d90000)]
  0x0000000014f47000 JavaThread "C1 CompilerThread2" daemon [_thread_blocked, id=2520, stack(0x0000000016790000,0x0000000016890000)]
  0x0000000014f3d800 JavaThread "C2 CompilerThread1" daemon [_thread_in_native, id=692, stack(0x0000000016690000,0x0000000016790000)]
=>0x0000000014f46800 JavaThread "C2 CompilerThread0" daemon [_thread_in_native, id=6148, stack(0x0000000016590000,0x0000000016690000)]
  0x0000000014f45000 JavaThread "Attach Listener" daemon [_thread_blocked, id=3684, stack(0x0000000016490000,0x0000000016590000)]
  0x0000000014f43800 JavaThread "Signal Dispatcher" daemon [_thread_blocked, id=32, stack(0x0000000016390000,0x0000000016490000)]
  0x0000000014f29800 JavaThread "Finalizer" daemon [_thread_blocked, id=1952, stack(0x00000000161a0000,0x00000000162a0000)]
  0x0000000002860000 JavaThread "Reference Handler" daemon [_thread_blocked, id=6160, stack(0x00000000160a0000,0x00000000161a0000)]
  0x00000000025ad800 JavaThread "main" [_thread_blocked, id=2588, stack(0x0000000002670000,0x0000000002770000)]

Other Threads:
  0x0000000014f05800 VMThread [stack: 0x0000000015fa0000,0x00000000160a0000] [id=1796]
  0x0000000014f9c800 WatcherThread [stack: 0x0000000016d90000,0x0000000016e90000] [id=6820]

VM state:at safepoint (normal execution)

VM Mutex/Monitor currently owned by a thread:  ([mutex/lock_event])
[0x00000000025ac920] Threads_lock - owner thread: 0x0000000014f05800
[0x00000000025ac220] Heap_lock - owner thread: 0x000000001805d000

Heap:
 PSYoungGen      total 129536K, used 125952K [0x00000000eab00000, 0x00000000f6c80000, 0x0000000100000000)
  eden space 125952K, 100% used [0x00000000eab00000,0x00000000f2600000,0x00000000f2600000)
  from space 3584K, 0% used [0x00000000f3200000,0x00000000f3200000,0x00000000f3580000)
  to   space 12288K, 1% used [0x00000000f2600000,0x00000000f2638000,0x00000000f3200000)
 ParOldGen       total 101376K, used 15134K [0x00000000c0000000, 0x00000000c6300000, 0x00000000eab00000)
  object space 101376K, 14% used [0x00000000c0000000,0x00000000c0ec7b08,0x00000000c6300000)
 Metaspace       used 41893K, capacity 42780K, committed 43048K, reserved 1087488K
  class space    used 5651K, capacity 5922K, committed 5936K, reserved 1048576K

Card table byte_map: [0x0000000011c30000,0x0000000011e40000] byte_map_base: 0x0000000011630000

Marking Bits: (ParMarkBitMap*) 0x0000000066ba5aa0
 Begin Bits: [0x00000000123a0000, 0x00000000133a0000)
 End Bits:   [0x00000000133a0000, 0x00000000143a0000)

Polling page: 0x0000000000860000

CodeCache: size=245760Kb used=13378Kb max_used=13378Kb free=232381Kb
 bounds [0x0000000002870000, 0x0000000003590000, 0x0000000011870000]
 total_blobs=4668 nmethods=3935 adapters=645
 compilation: enabled

Compilation events (10 events):
Event: 8.598 Thread 0x0000000014f47000 4283       3       org.gradle.api.internal.artifacts.configurations.DefaultConfiguration::notifyChildren (40 bytes)
Event: 8.598 Thread 0x0000000014f47000 nmethod 4283 0x0000000003583610 code [0x00000000035837c0, 0x0000000003583dd8]
Event: 8.598 Thread 0x0000000014f47000 4281       3       org.gradle.api.internal.DefaultNamedDomainObjectCollection$UnfilteredIndex::get (11 bytes)
Event: 8.599 Thread 0x0000000014f47000 nmethod 4281 0x0000000003583150 code [0x00000000035832c0, 0x00000000035834e8]
Event: 8.599 Thread 0x0000000014f47000 4280       1       org.codehaus.groovy.runtime.callsite.AbstractCallSite::getArray (5 bytes)
Event: 8.599 Thread 0x0000000014f47000 nmethod 4280 0x0000000003587310 code [0x0000000003587460, 0x0000000003587570]
Event: 8.599 Thread 0x0000000014f47000 4282       3       org.gradle.api.internal.artifacts.ivyservice.moduleconverter.DefaultRootComponentMetadataBuilder$MetadataHolder::validateMutation (27 bytes)
Event: 8.599 Thread 0x0000000014f47000 nmethod 4282 0x0000000003586ed0 code [0x0000000003587040, 0x0000000003587270]
Event: 8.599 Thread 0x0000000014f47000 4284       1       groovy.lang.Closure::getDelegate (5 bytes)
Event: 8.599 Thread 0x0000000014f47000 nmethod 4284 0x0000000003586c10 code [0x0000000003586d60, 0x0000000003586e70]

GC Heap History (10 events):
Event: 3.320 GC heap before
{Heap before GC invocations=6 (full 1):
 PSYoungGen      total 70656K, used 5104K [0x00000000eab00000, 0x00000000f3f00000, 0x0000000100000000)
  eden space 65536K, 0% used [0x00000000eab00000,0x00000000eab00000,0x00000000eeb00000)
  from space 5120K, 99% used [0x00000000eeb00000,0x00000000eeffc040,0x00000000ef000000)
  to   space 10240K, 0% used [0x00000000f3500000,0x00000000f3500000,0x00000000f3f00000)
 ParOldGen       total 86016K, used 8038K [0x00000000c0000000, 0x00000000c5400000, 0x00000000eab00000)
  object space 86016K, 9% used [0x00000000c0000000,0x00000000c07d9870,0x00000000c5400000)
 Metaspace       used 20862K, capacity 21282K, committed 21296K, reserved 1067008K
  class space    used 2931K, capacity 3106K, committed 3120K, reserved 1048576K
Event: 3.448 GC heap after
Heap after GC invocations=6 (full 1):
 PSYoungGen      total 70656K, used 0K [0x00000000eab00000, 0x00000000f3f00000, 0x0000000100000000)
  eden space 65536K, 0% used [0x00000000eab00000,0x00000000eab00000,0x00000000eeb00000)
  from space 5120K, 0% used [0x00000000eeb00000,0x00000000eeb00000,0x00000000ef000000)
  to   space 10240K, 0% used [0x00000000f3500000,0x00000000f3500000,0x00000000f3f00000)
 ParOldGen       total 66560K, used 8295K [0x00000000c0000000, 0x00000000c4100000, 0x00000000eab00000)
  object space 66560K, 12% used [0x00000000c0000000,0x00000000c0819d88,0x00000000c4100000)
 Metaspace       used 20862K, capacity 21282K, committed 21296K, reserved 1067008K
  class space    used 2931K, capacity 3106K, committed 3120K, reserved 1048576K
}
Event: 4.497 GC heap before
{Heap before GC invocations=7 (full 1):
 PSYoungGen      total 70656K, used 65536K [0x00000000eab00000, 0x00000000f3f00000, 0x0000000100000000)
  eden space 65536K, 100% used [0x00000000eab00000,0x00000000eeb00000,0x00000000eeb00000)
  from space 5120K, 0% used [0x00000000eeb00000,0x00000000eeb00000,0x00000000ef000000)
  to   space 10240K, 0% used [0x00000000f3500000,0x00000000f3500000,0x00000000f3f00000)
 ParOldGen       total 66560K, used 8295K [0x00000000c0000000, 0x00000000c4100000, 0x00000000eab00000)
  object space 66560K, 12% used [0x00000000c0000000,0x00000000c0819d88,0x00000000c4100000)
 Metaspace       used 25960K, capacity 26390K, committed 26672K, reserved 1073152K
  class space    used 3633K, capacity 3798K, committed 3888K, reserved 1048576K
Event: 4.507 GC heap after
Heap after GC invocations=7 (full 1):
 PSYoungGen      total 93696K, used 6534K [0x00000000eab00000, 0x00000000f3b80000, 0x0000000100000000)
  eden space 87040K, 0% used [0x00000000eab00000,0x00000000eab00000,0x00000000f0000000)
  from space 6656K, 98% used [0x00000000f3500000,0x00000000f3b61a20,0x00000000f3b80000)
  to   space 9728K, 0% used [0x00000000f2880000,0x00000000f2880000,0x00000000f3200000)
 ParOldGen       total 66560K, used 8303K [0x00000000c0000000, 0x00000000c4100000, 0x00000000eab00000)
  object space 66560K, 12% used [0x00000000c0000000,0x00000000c081bd88,0x00000000c4100000)
 Metaspace       used 25960K, capacity 26390K, committed 26672K, reserved 1073152K
  class space    used 3633K, capacity 3798K, committed 3888K, reserved 1048576K
}
Event: 6.136 GC heap before
{Heap before GC invocations=8 (full 1):
 PSYoungGen      total 93696K, used 93574K [0x00000000eab00000, 0x00000000f3b80000, 0x0000000100000000)
  eden space 87040K, 100% used [0x00000000eab00000,0x00000000f0000000,0x00000000f0000000)
  from space 6656K, 98% used [0x00000000f3500000,0x00000000f3b61a20,0x00000000f3b80000)
  to   space 9728K, 0% used [0x00000000f2880000,0x00000000f2880000,0x00000000f3200000)
 ParOldGen       total 66560K, used 8303K [0x00000000c0000000, 0x00000000c4100000, 0x00000000eab00000)
  object space 66560K, 12% used [0x00000000c0000000,0x00000000c081bd88,0x00000000c4100000)
 Metaspace       used 33295K, capacity 33994K, committed 34096K, reserved 1079296K
  class space    used 4656K, capacity 4905K, committed 4912K, reserved 1048576K
Event: 6.155 GC heap after
Heap after GC invocations=8 (full 1):
 PSYoungGen      total 123392K, used 9697K [0x00000000eab00000, 0x00000000f3580000, 0x0000000100000000)
  eden space 113664K, 0% used [0x00000000eab00000,0x00000000eab00000,0x00000000f1a00000)
  from space 9728K, 99% used [0x00000000f2880000,0x00000000f31f86a8,0x00000000f3200000)
  to   space 3584K, 0% used [0x00000000f3200000,0x00000000f3200000,0x00000000f3580000)
 ParOldGen       total 66560K, used 10645K [0x00000000c0000000, 0x00000000c4100000, 0x00000000eab00000)
  object space 66560K, 15% used [0x00000000c0000000,0x00000000c0a654d0,0x00000000c4100000)
 Metaspace       used 33295K, capacity 33994K, committed 34096K, reserved 1079296K
  class space    used 4656K, capacity 4905K, committed 4912K, reserved 1048576K
}
Event: 6.353 GC heap before
{Heap before GC invocations=9 (full 1):
 PSYoungGen      total 123392K, used 19802K [0x00000000eab00000, 0x00000000f3580000, 0x0000000100000000)
  eden space 113664K, 8% used [0x00000000eab00000,0x00000000eb4de538,0x00000000f1a00000)
  from space 9728K, 99% used [0x00000000f2880000,0x00000000f31f86a8,0x00000000f3200000)
  to   space 3584K, 0% used [0x00000000f3200000,0x00000000f3200000,0x00000000f3580000)
 ParOldGen       total 66560K, used 10645K [0x00000000c0000000, 0x00000000c4100000, 0x00000000eab00000)
  object space 66560K, 15% used [0x00000000c0000000,0x00000000c0a654d0,0x00000000c4100000)
 Metaspace       used 34676K, capacity 35352K, committed 35496K, reserved 1079296K
  class space    used 4809K, capacity 5038K, committed 5040K, reserved 1048576K
Event: 6.379 GC heap after
Heap after GC invocations=9 (full 1):
 PSYoungGen      total 129536K, used 3584K [0x00000000eab00000, 0x00000000f6c80000, 0x0000000100000000)
  eden space 125952K, 0% used [0x00000000eab00000,0x00000000eab00000,0x00000000f2600000)
  from space 3584K, 100% used [0x00000000f3200000,0x00000000f3580000,0x00000000f3580000)
  to   space 12288K, 0% used [0x00000000f2600000,0x00000000f2600000,0x00000000f3200000)
 ParOldGen       total 66560K, used 15641K [0x00000000c0000000, 0x00000000c4100000, 0x00000000eab00000)
  object space 66560K, 23% used [0x00000000c0000000,0x00000000c0f467d0,0x00000000c4100000)
 Metaspace       used 34676K, capacity 35352K, committed 35496K, reserved 1079296K
  class space    used 4809K, capacity 5038K, committed 5040K, reserved 1048576K
}
Event: 6.379 GC heap before
{Heap before GC invocations=10 (full 2):
 PSYoungGen      total 129536K, used 3584K [0x00000000eab00000, 0x00000000f6c80000, 0x0000000100000000)
  eden space 125952K, 0% used [0x00000000eab00000,0x00000000eab00000,0x00000000f2600000)
  from space 3584K, 100% used [0x00000000f3200000,0x00000000f3580000,0x00000000f3580000)
  to   space 12288K, 0% used [0x00000000f2600000,0x00000000f2600000,0x00000000f3200000)
 ParOldGen       total 66560K, used 15641K [0x00000000c0000000, 0x00000000c4100000, 0x00000000eab00000)
  object space 66560K, 23% used [0x00000000c0000000,0x00000000c0f467d0,0x00000000c4100000)
 Metaspace       used 34676K, capacity 35352K, committed 35496K, reserved 1079296K
  class space    used 4809K, capacity 5038K, committed 5040K, reserved 1048576K
Event: 6.502 GC heap after
Heap after GC invocations=10 (full 2):
 PSYoungGen      total 129536K, used 0K [0x00000000eab00000, 0x00000000f6c80000, 0x0000000100000000)
  eden space 125952K, 0% used [0x00000000eab00000,0x00000000eab00000,0x00000000f2600000)
  from space 3584K, 0% used [0x00000000f3200000,0x00000000f3200000,0x00000000f3580000)
  to   space 12288K, 0% used [0x00000000f2600000,0x00000000f2600000,0x00000000f3200000)
 ParOldGen       total 101376K, used 15134K [0x00000000c0000000, 0x00000000c6300000, 0x00000000eab00000)
  object space 101376K, 14% used [0x00000000c0000000,0x00000000c0ec7b08,0x00000000c6300000)
 Metaspace       used 34676K, capacity 35352K, committed 35496K, reserved 1079296K
  class space    used 4809K, capacity 5038K, committed 5040K, reserved 1048576K
}

Deoptimization events (10 events):
Event: 7.728 Thread 0x000000001806a800 Uncommon trap: reason=unstable_if action=reinterpret pc=0x000000000309c784 method=java.util.jar.JarFile.getInputStream(Ljava/util/zip/ZipEntry;)Ljava/io/InputStream; @ 37
Event: 7.730 Thread 0x000000001806a800 Uncommon trap: reason=unstable_if action=reinterpret pc=0x0000000002deef04 method=java.util.jar.JarFile$JarFileEntry.getCodeSigners()[Ljava/security/CodeSigner; @ 24
Event: 7.730 Thread 0x000000001806a800 Uncommon trap: reason=unstable_if action=reinterpret pc=0x0000000002bd7370 method=java.security.CodeSource.<init>(Ljava/net/URL;[Ljava/security/CodeSigner;)V @ 25
Event: 7.731 Thread 0x000000001806a800 Uncommon trap: reason=unstable_if action=reinterpret pc=0x0000000002f51cec method=java.security.CodeSource.getCertificates()[Ljava/security/cert/Certificate; @ 22
Event: 7.732 Thread 0x000000001806a800 Uncommon trap: reason=unstable_if action=reinterpret pc=0x0000000002a265ac method=java.security.CodeSource.matchCerts(Ljava/security/CodeSource;Z)Z @ 11
Event: 7.762 Thread 0x000000001806a800 Uncommon trap: reason=unstable_if action=reinterpret pc=0x0000000002b2b93c method=java.util.LinkedHashMap.get(Ljava/lang/Object;)Ljava/lang/Object; @ 20
Event: 7.848 Thread 0x000000001806a800 Uncommon trap: reason=unstable_if action=reinterpret pc=0x000000000300bdec method=org.objectweb.asm.ByteVector.putUTF8(Ljava/lang/String;)Lorg/objectweb/asm/ByteVector; @ 91
Event: 7.929 Thread 0x000000001806a800 Uncommon trap: reason=range_check action=make_not_entrant pc=0x0000000003445720 method=java.lang.String.charAt(I)C @ 27
Event: 7.983 Thread 0x000000001806a800 Uncommon trap: reason=unstable_if action=reinterpret pc=0x0000000002fed830 method=org.objectweb.asm.ByteVector.putUTF8(Ljava/lang/String;)Lorg/objectweb/asm/ByteVector; @ 91
Event: 8.124 Thread 0x000000001806a800 Uncommon trap: reason=null_check action=make_not_entrant pc=0x000000000345c264 method=java.lang.ThreadLocal$ThreadLocalMap.getEntryAfterMiss(Ljava/lang/ThreadLocal;ILjava/lang/ThreadLocal$ThreadLocalMap$Entry;)Ljava/lang/ThreadLocal$ThreadLocalMap$Entry; 

Classes redefined (0 events):
No events

Internal exceptions (10 events):
Event: 8.561 Thread 0x000000001806a800 Exception <a 'java/lang/ClassNotFoundException': org/gradle/api/internal/file/AbstractFileCollectionBeanInfo> (0x00000000f20471c0) thrown at [D:\src\AOSP-openjdk-cygwin\jdk8u\hotspot\src\share\vm\classfile\systemDictionary.cpp, line 210]
Event: 8.562 Thread 0x000000001806a800 Exception <a 'java/lang/ClassNotFoundException': org/gradle/api/internal/file/AbstractFileCollectionCustomizer> (0x00000000f207da48) thrown at [D:\src\AOSP-openjdk-cygwin\jdk8u\hotspot\src\share\vm\classfile\systemDictionary.cpp, line 210]
Event: 8.563 Thread 0x000000001806a800 Exception <a 'java/lang/ClassNotFoundException': org/gradle/api/internal/artifacts/configurations/DefaultConfigurationCustomizer> (0x00000000f20e4fd0) thrown at [D:\src\AOSP-openjdk-cygwin\jdk8u\hotspot\src\share\vm\classfile\systemDictionary.cpp, line 21
Event: 8.566 Thread 0x000000001806a800 Exception <a 'java/lang/ClassNotFoundException': org/gradle/api/internal/artifacts/configurations/DefaultConfiguration_DecoratedCustomizer> (0x00000000f21aaab0) thrown at [D:\src\AOSP-openjdk-cygwin\jdk8u\hotspot\src\share\vm\classfile\systemDictionary.cp
Event: 8.590 Thread 0x000000001806a800 Exception <a 'java/lang/ClassNotFoundException': org/gradle/api/internal/file/collections/DefaultConfigurableFileTreeBeanInfo> (0x00000000f2324450) thrown at [D:\src\AOSP-openjdk-cygwin\jdk8u\hotspot\src\share\vm\classfile\systemDictionary.cpp, line 210]
Event: 8.591 Thread 0x000000001806a800 Exception <a 'java/lang/ClassNotFoundException': org/gradle/api/internal/file/CompositeFileTreeBeanInfo> (0x00000000f23555a0) thrown at [D:\src\AOSP-openjdk-cygwin\jdk8u\hotspot\src\share\vm\classfile\systemDictionary.cpp, line 210]
Event: 8.591 Thread 0x000000001806a800 Exception <a 'java/lang/ClassNotFoundException': org/gradle/api/internal/file/CompositeFileCollectionBeanInfo> (0x00000000f238a3c0) thrown at [D:\src\AOSP-openjdk-cygwin\jdk8u\hotspot\src\share\vm\classfile\systemDictionary.cpp, line 210]
Event: 8.592 Thread 0x000000001806a800 Exception <a 'java/lang/ClassNotFoundException': org/gradle/api/internal/file/CompositeFileCollectionCustomizer> (0x00000000f23bfe68) thrown at [D:\src\AOSP-openjdk-cygwin\jdk8u\hotspot\src\share\vm\classfile\systemDictionary.cpp, line 210]
Event: 8.593 Thread 0x000000001806a800 Exception <a 'java/lang/ClassNotFoundException': org/gradle/api/internal/file/CompositeFileTreeCustomizer> (0x00000000f24018f8) thrown at [D:\src\AOSP-openjdk-cygwin\jdk8u\hotspot\src\share\vm\classfile\systemDictionary.cpp, line 210]
Event: 8.594 Thread 0x000000001806a800 Exception <a 'java/lang/ClassNotFoundException': org/gradle/api/internal/file/collections/DefaultConfigurableFileTreeCustomizer> (0x00000000f244d5e8) thrown at [D:\src\AOSP-openjdk-cygwin\jdk8u\hotspot\src\share\vm\classfile\systemDictionary.cpp, line 210

Events (10 events):
Event: 8.593 loading class org/gradle/api/internal/file/collections/DefaultConfigurableFileTreeCustomizer
Event: 8.593 loading class org/gradle/api/internal/file/collections/DefaultConfigurableFileTreeCustomizer done
Event: 8.593 loading class org/gradle/api/internal/file/collections/DefaultConfigurableFileTreeCustomizer
Event: 8.593 loading class org/gradle/api/internal/file/collections/DefaultConfigurableFileTreeCustomizer done
Event: 8.594 loading class org/gradle/api/internal/file/collections/DefaultConfigurableFileTreeCustomizer
Event: 8.594 loading class org/gradle/api/internal/file/collections/DefaultConfigurableFileTreeCustomizer done
Event: 8.598 loading class org/gradle/api/internal/artifacts/dependencies/DefaultProjectDependency
Event: 8.598 loading class org/gradle/api/internal/artifacts/dependencies/DefaultProjectDependency done
Event: 8.598 loading class org/gradle/api/internal/artifacts/dependencies/ProjectDependencyInternal
Event: 8.598 loading class org/gradle/api/internal/artifacts/dependencies/ProjectDependencyInternal done


Dynamic libraries:
0x00007ff73ec70000 - 0x00007ff73eca1000 	C:\Program Files\Android\Android Studio1\jre\bin\java.exe
0x00007fff2ecf0000 - 0x00007fff2eec1000 	C:\Windows\SYSTEM32\ntdll.dll
0x00007fff2e860000 - 0x00007fff2e90b000 	C:\Windows\System32\KERNEL32.DLL
0x00007fff2bff0000 - 0x00007fff2c20d000 	C:\Windows\System32\KERNELBASE.dll
0x00007fff2c620000 - 0x00007fff2c6c2000 	C:\Windows\System32\ADVAPI32.dll
0x00007fff2e9d0000 - 0x00007fff2ea6e000 	C:\Windows\System32\msvcrt.dll
0x00007fff2e6d0000 - 0x00007fff2e729000 	C:\Windows\System32\sechost.dll
0x00007fff2e730000 - 0x00007fff2e851000 	C:\Windows\System32\RPCRT4.dll
0x00007fff2e560000 - 0x00007fff2e6c5000 	C:\Windows\System32\USER32.dll
0x00007fff2b840000 - 0x00007fff2b85e000 	C:\Windows\System32\win32u.dll
0x00007fff2ea70000 - 0x00007fff2eaa4000 	C:\Windows\System32\GDI32.dll
0x00007fff2b430000 - 0x00007fff2b5b2000 	C:\Windows\System32\gdi32full.dll
0x00007fff22660000 - 0x00007fff228d9000 	C:\Windows\WinSxS\amd64_microsoft.windows.common-controls_6595b64144ccf1df_6.0.14393.0_none_2d0f50fcbdb171b8\COMCTL32.dll
0x00007fff2cb00000 - 0x00007fff2cdc7000 	C:\Windows\System32\combase.dll
0x00007fff2b330000 - 0x00007fff2b425000 	C:\Windows\System32\ucrtbase.dll
0x00007fff2c210000 - 0x00007fff2c27a000 	C:\Windows\System32\bcryptPrimitives.dll
0x00007fff2c2f0000 - 0x00007fff2c31e000 	C:\Windows\System32\IMM32.DLL
0x0000000066f50000 - 0x0000000067022000 	C:\Program Files\Android\Android Studio1\jre\jre\bin\msvcr100.dll
0x00000000663e0000 - 0x0000000066c21000 	C:\Program Files\Android\Android Studio1\jre\jre\bin\server\jvm.dll
0x00007fff2e350000 - 0x00007fff2e358000 	C:\Windows\System32\PSAPI.DLL
0x00007fff22450000 - 0x00007fff22459000 	C:\Windows\SYSTEM32\WSOCK32.dll
0x00007fff28d80000 - 0x00007fff28da3000 	C:\Windows\SYSTEM32\WINMM.dll
0x00007fff1cc30000 - 0x00007fff1cc3a000 	C:\Windows\SYSTEM32\VERSION.dll
0x00007fff2e2e0000 - 0x00007fff2e34a000 	C:\Windows\System32\WS2_32.dll
0x00007fff28d20000 - 0x00007fff28d4b000 	C:\Windows\SYSTEM32\WINMMBASE.dll
0x00007fff2b5c0000 - 0x00007fff2b602000 	C:\Windows\System32\cfgmgr32.dll
0x00007fff28fa0000 - 0x00007fff28faf000 	C:\Program Files\Android\Android Studio1\jre\jre\bin\verify.dll
0x00007fff25880000 - 0x00007fff258a9000 	C:\Program Files\Android\Android Studio1\jre\jre\bin\java.dll
0x00007fff267b0000 - 0x00007fff267c6000 	C:\Program Files\Android\Android Studio1\jre\jre\bin\zip.dll
0x00007fff2cdd0000 - 0x00007fff2e2d8000 	C:\Windows\System32\SHELL32.dll
0x00007fff2b910000 - 0x00007fff2bfea000 	C:\Windows\System32\windows.storage.dll
0x00007fff2b200000 - 0x00007fff2b24c000 	C:\Windows\System32\powrprof.dll
0x00007fff2eab0000 - 0x00007fff2eb02000 	C:\Windows\System32\shlwapi.dll
0x00007fff2b250000 - 0x00007fff2b25f000 	C:\Windows\System32\kernel.appcore.dll
0x00007fff2b860000 - 0x00007fff2b909000 	C:\Windows\System32\shcore.dll
0x00007fff2b260000 - 0x00007fff2b274000 	C:\Windows\System32\profapi.dll
0x00007fff25860000 - 0x00007fff2587a000 	C:\Program Files\Android\Android Studio1\jre\jre\bin\net.dll
0x00007fff2ab20000 - 0x00007fff2ab7c000 	C:\Windows\system32\mswsock.dll
0x00007fff25840000 - 0x00007fff25851000 	C:\Program Files\Android\Android Studio1\jre\jre\bin\nio.dll
0x00007fff258f0000 - 0x00007fff2590e000 	C:\Users\user1\.gradle\native\25\windows-amd64\native-platform.dll
0x00007fff28f80000 - 0x00007fff28f8d000 	C:\Program Files\Android\Android Studio1\jre\jre\bin\management.dll
0x00007fff2acc0000 - 0x00007fff2acd7000 	C:\Windows\SYSTEM32\CRYPTSP.dll
0x00007fff2a730000 - 0x00007fff2a763000 	C:\Windows\system32\rsaenh.dll
0x00007fff2add0000 - 0x00007fff2adfb000 	C:\Windows\SYSTEM32\bcrypt.dll
0x00007fff2a9a0000 - 0x00007fff2a9bf000 	C:\Windows\SYSTEM32\USERENV.dll
0x00007fff2ace0000 - 0x00007fff2aceb000 	C:\Windows\SYSTEM32\CRYPTBASE.dll
0x00007fff2a8b0000 - 0x00007fff2a8e8000 	C:\Windows\SYSTEM32\IPHLPAPI.DLL
0x00007fff2ece0000 - 0x00007fff2ece8000 	C:\Windows\System32\NSI.dll
0x00007fff26be0000 - 0x00007fff26bf6000 	C:\Windows\SYSTEM32\dhcpcsvc6.DLL
0x00007fff26df0000 - 0x00007fff26e0a000 	C:\Windows\SYSTEM32\dhcpcsvc.DLL
0x00007fff1eef0000 - 0x00007fff1f082000 	C:\Windows\SYSTEM32\dbghelp.dll

VM Arguments:
jvm_args: -XX:+HeapDumpOnOutOfMemoryError -Xmx1024m -Dfile.encoding=windows-1252 -Duser.country=US -Duser.language=en -Duser.variant 
java_command: org.gradle.launcher.daemon.bootstrap.GradleDaemon 4.6
java_class_path (initial): C:\Users\user1\.gradle\wrapper\dists\gradle-4.6-all\bcst21l2brirad8k2ben1letg\gradle-4.6\lib\gradle-launcher-4.6.jar
Launcher Type: SUN_STANDARD

Environment Variables:
PATH=C:\Windows\system32;C:\Windows;C:\Windows\System32\Wbem;C:\Windows\System32\WindowsPowerShell\v1.0\;C:\Program Files\Git\cmd;C:\Users\user1\AppData\Local\Microsoft\WindowsApps;
USERNAME=user1
OS=Windows_NT
PROCESSOR_IDENTIFIER=Intel64 Family 6 Model 42 Stepping 7, GenuineIntel



---------------  S Y S T E M  ---------------

OS: Windows 10.0 , 64 bit Build 14393 (10.0.14393.0)

CPU:total 4 (initial active 4) (2 cores per cpu, 2 threads per core) family 6 model 42 stepping 7, cmov, cx8, fxsr, mmx, sse, sse2, sse3, ssse3, sse4.1, sse4.2, popcnt, avx, clmul, ht, tsc, tscinvbit

Memory: 4k page, physical 8216432k(5179588k free), swap 10182512k(7039148k free)

vm_info: OpenJDK 64-Bit Server VM (25.152-b01) for windows-amd64 JRE (1.8.0_152-release-1248-b01), built by "builder" with MS VC++ 10.0 (VS2010)

time: Wed Mar 27 20:01:31 2019
elapsed time: 8 seconds (0d 0h 0m 8s)

